Arguments: 
  /usr/bin/node /usr/local/bin/yarn add nodemoon

PATH: 
  /home/kksv/.vscode-server/bin/74b1f979648cc44d385a2286793c226e611f59e7/bin/remote-cli:/usr/local/sbin:/usr/local/bin:/usr/sbin:/usr/bin:/sbin:/bin:/usr/games:/usr/local/games:/mnt/c/Program Files (x86)/Common Files/Oracle/Java/javapath:/mnt/c/Windows/system32:/mnt/c/Windows:/mnt/c/Windows/System32/Wbem:/mnt/c/Windows/System32/WindowsPowerShell/v1.0/:/mnt/c/Windows/System32/OpenSSH/:/mnt/c/Program Files/Git/cmd:/mnt/c/Program Files/nodejs/:/mnt/c/Users/kksv/AppData/Local/Programs/Python/Python310/Scripts/:/mnt/c/Users/kksv/AppData/Local/Programs/Python/Python310/:/mnt/c/Users/kksv/AppData/Local/Microsoft/WindowsApps:/mnt/c/Program Files/JetBrains/PyCharm Community Edition 2022.2.1/bin:/mnt/c/Users/kksv/AppData/Local/Programs/Microsoft VS Code/bin:/mnt/c/Program Files/JetBrains/IntelliJ IDEA Community Edition 2022.2.1/bin:/mnt/c/Users/kksv/AppData/Roaming/npm:/snap/bin

Yarn version: 
  1.22.19

Node version: 
  12.22.9

Platform: 
  linux x64

Trace: 
  Error: https://registry.yarnpkg.com/nodemoon: Not found
      at Request.params.callback [as _callback] (/usr/local/lib/node_modules/yarn/lib/cli.js:66145:18)
      at Request.self.callback (/usr/local/lib/node_modules/yarn/lib/cli.js:140890:22)
      at Request.emit (events.js:314:20)
      at Request.<anonymous> (/usr/local/lib/node_modules/yarn/lib/cli.js:141862:10)
      at Request.emit (events.js:314:20)
      at IncomingMessage.<anonymous> (/usr/local/lib/node_modules/yarn/lib/cli.js:141784:12)
      at Object.onceWrapper (events.js:420:28)
      at IncomingMessage.emit (events.js:326:22)
      at endReadableNT (_stream_readable.js:1241:12)
      at processTicksAndRejections (internal/process/task_queues.js:84:21)

npm manifest: 
  {
    "name": "dionodejest",
    "version": "1.0.0",
    "description": "",
    "main": "index.js",
    "scripts": {
      "test": "echo \"Error: no test specified\" && exit 1"
    },
    "repository": {
      "type": "git",
      "url": "git+https://github.com/kassiokennedy/dioNodeJest.git"
    },
    "keywords": [],
    "author": "",
    "license": "ISC",
    "bugs": {
      "url": "https://github.com/kassiokennedy/dioNodeJest/issues"
    },
    "homepage": "https://github.com/kassiokennedy/dioNodeJest#readme"
  }

yarn manifest: 
  No manifest

Lockfile: 
  No lockfile
